<?xml version="1.0" encoding="UTF-8"?>
<!-- Generated by org.testng.reporters.JUnitXMLReporter -->
<testsuite ignored="6" hostname="DESKTOP-7R0I4L2" failures="1" tests="3" name="Login with invalid Credential Validation" time="35.957" errors="0" timestamp="2022-06-12T14:25:45 IST">
  <testcase classname="xmlTest.xmlTest1" name="setup" time="27.542"/>
  <testcase classname="xmlTest.xmlTest1" name="Invalid_Login_Cred" time="7.295">
    <failure type="org.openqa.selenium.InvalidSelectorException" message="invalid selector: The result of the xpath expression &amp;quot;//div[@class=&amp;apos;_9ay7&amp;apos;]/text()&amp;quot; is: [object Text]. It should be an element.
  (Session info: chrome=102.0.5005.63)
For documentation on this error, please visit: https://selenium.dev/exceptions/#invalid_selector_exception
Build info: version: &amp;apos;4.2.1&amp;apos;, revision: &amp;apos;ac4d0fdd4a&amp;apos;
System info: host: &amp;apos;DESKTOP-7R0I4L2&amp;apos;, ip: &amp;apos;192.168.56.1&amp;apos;, os.name: &amp;apos;Windows 10&amp;apos;, os.arch: &amp;apos;amd64&amp;apos;, os.version: &amp;apos;10.0&amp;apos;, java.version: &amp;apos;17.0.3.1&amp;apos;
Driver info: org.openqa.selenium.chrome.ChromeDriver
Command: [8c79623f3ce23b193610174f1edca58a, findElement {using=xpath, value=//div[@class=&amp;apos;_9ay7&amp;apos;]/text()}]
Capabilities {acceptInsecureCerts: false, browserName: chrome, browserVersion: 102.0.5005.63, chrome: {chromedriverVersion: 102.0.5005.61 (0e59bcc00cc4..., userDataDir: C:\Users\ANILME~1\AppData\L...}, goog:chromeOptions: {debuggerAddress: localhost:49465}, networkConnectionEnabled: false, pageLoadStrategy: normal, platformName: WINDOWS, proxy: Proxy(), se:cdp: ws://localhost:49465/devtoo..., se:cdpVersion: 102.0.5005.63, setWindowRect: true, strictFileInteractability: false, timeouts: {implicit: 0, pageLoad: 300000, script: 30000}, unhandledPromptBehavior: dismiss and notify, webauthn:extension:credBlob: true, webauthn:extension:largeBlob: true, webauthn:virtualAuthenticators: true}
Session ID: 8c79623f3ce23b193610174f1edca58a">
      <![CDATA[org.openqa.selenium.InvalidSelectorException: invalid selector: The result of the xpath expression "//div[@class='_9ay7']/text()" is: [object Text]. It should be an element.
  (Session info: chrome=102.0.5005.63)
For documentation on this error, please visit: https://selenium.dev/exceptions/#invalid_selector_exception
Build info: version: '4.2.1', revision: 'ac4d0fdd4a'
System info: host: 'DESKTOP-7R0I4L2', ip: '192.168.56.1', os.name: 'Windows 10', os.arch: 'amd64', os.version: '10.0', java.version: '17.0.3.1'
Driver info: org.openqa.selenium.chrome.ChromeDriver
Command: [8c79623f3ce23b193610174f1edca58a, findElement {using=xpath, value=//div[@class='_9ay7']/text()}]
Capabilities {acceptInsecureCerts: false, browserName: chrome, browserVersion: 102.0.5005.63, chrome: {chromedriverVersion: 102.0.5005.61 (0e59bcc00cc4..., userDataDir: C:\Users\ANILME~1\AppData\L...}, goog:chromeOptions: {debuggerAddress: localhost:49465}, networkConnectionEnabled: false, pageLoadStrategy: normal, platformName: WINDOWS, proxy: Proxy(), se:cdp: ws://localhost:49465/devtoo..., se:cdpVersion: 102.0.5005.63, setWindowRect: true, strictFileInteractability: false, timeouts: {implicit: 0, pageLoad: 300000, script: 30000}, unhandledPromptBehavior: dismiss and notify, webauthn:extension:credBlob: true, webauthn:extension:largeBlob: true, webauthn:virtualAuthenticators: true}
Session ID: 8c79623f3ce23b193610174f1edca58a
at org.openqa.selenium.remote.codec.w3c.W3CHttpResponseCodec.createException(W3CHttpResponseCodec.java:200)
at org.openqa.selenium.remote.codec.w3c.W3CHttpResponseCodec.decode(W3CHttpResponseCodec.java:133)
at org.openqa.selenium.remote.codec.w3c.W3CHttpResponseCodec.decode(W3CHttpResponseCodec.java:53)
at org.openqa.selenium.remote.HttpCommandExecutor.execute(HttpCommandExecutor.java:184)
at org.openqa.selenium.remote.service.DriverCommandExecutor.invokeExecute(DriverCommandExecutor.java:167)
at org.openqa.selenium.remote.service.DriverCommandExecutor.execute(DriverCommandExecutor.java:142)
at org.openqa.selenium.remote.RemoteWebDriver.execute(RemoteWebDriver.java:551)
at org.openqa.selenium.remote.ElementLocation$ElementFinder$2.findElement(ElementLocation.java:162)
at org.openqa.selenium.remote.ElementLocation.findElement(ElementLocation.java:60)
at org.openqa.selenium.remote.RemoteWebDriver.findElement(RemoteWebDriver.java:369)
at org.openqa.selenium.remote.RemoteWebDriver.findElement(RemoteWebDriver.java:361)
at xmlTest.xmlTest1.Invalid_Login_Cred(xmlTest1.java:90)
at java.base/java.util.ArrayList.forEach(ArrayList.java:1511)
... Removed 32 stack frames]]>
    </failure>
  </testcase> <!-- Invalid_Login_Cred -->
  <testcase classname="xmlTest.xmlTest1" name="Close" time="1.107"/>
  <testcase classname="xmlTest.xmlTest1" name="Forgot_Password_displayed" time="0.0">
    <ignored/>
  </testcase> <!-- Forgot_Password_displayed -->
  <testcase classname="xmlTest.xmlTest1" name="Create_Account_Button" time="0.0">
    <ignored/>
  </testcase> <!-- Create_Account_Button -->
  <testcase classname="xmlTest.xmlTest1" name="Create_New_Account" time="0.0">
    <ignored/>
  </testcase> <!-- Create_New_Account -->
  <testcase classname="xmlTest.xmlTest1" name="Create_a_Page" time="0.0">
    <ignored/>
  </testcase> <!-- Create_a_Page -->
  <testcase classname="xmlTest.xmlTest1" name="Click_Forgot_Password" time="0.0">
    <ignored/>
  </testcase> <!-- Click_Forgot_Password -->
  <testcase classname="xmlTest.xmlTest1" name="HomePage_Text" time="0.0">
    <ignored/>
  </testcase> <!-- HomePage_Text -->
</testsuite> <!-- Login with invalid Credential Validation -->
